Apr 01 2024 05:06:02
{"type":2,"message":"Class 'Automattic\\WooCommerce\\StoreApi\\Routes\\V1\\ProductTags' not found","file":"D:\\IT\\xampp\\htdocs\\wp-content\\plugins\\woocommerce\\src\\StoreApi\\deprecated.php","line":73}

Apr 01 2024 05:06:02
{"type":2,"message":"Class 'Automattic\\WooCommerce\\StoreApi\\Routes\\V1\\ProductTags' not found","file":"D:\\IT\\xampp\\htdocs\\wp-content\\plugins\\woocommerce\\src\\StoreApi\\deprecated.php","line":73}

Apr 01 2024 06:05:30
{"type":2,"message":"Class 'Automattic\\WooCommerce\\StoreApi\\Routes\\V1\\ProductTags' not found","file":"D:\\IT\\xampp\\htdocs\\wp-content\\plugins\\woocommerce\\src\\StoreApi\\deprecated.php","line":73}

Apr 01 2024 06:05:34
{"type":2,"message":"Class 'Automattic\\WooCommerce\\StoreApi\\Routes\\V1\\ProductTags' not found","file":"D:\\IT\\xampp\\htdocs\\wp-content\\plugins\\woocommerce\\src\\StoreApi\\deprecated.php","line":73}

Apr 01 2024 06:05:54
{"type":8192,"message":"Array and string offset access syntax with curly braces is deprecated","file":"D:\\IT\\xampp\\htdocs\\wp-content\\plugins\\woocommerce\\includes\\wc-formatting-functions.php","line":764}

Apr 01 2024 06:06:00
{"type":8192,"message":"Array and string offset access syntax with curly braces is deprecated","file":"D:\\IT\\xampp\\htdocs\\wp-content\\plugins\\woocommerce\\includes\\wc-formatting-functions.php","line":764}

Apr 01 2024 06:06:19
{"type":8192,"message":"Array and string offset access syntax with curly braces is deprecated","file":"D:\\IT\\xampp\\htdocs\\wp-content\\plugins\\woocommerce\\includes\\wc-formatting-functions.php","line":764}

Apr 01 2024 06:06:22
{"type":8192,"message":"Array and string offset access syntax with curly braces is deprecated","file":"D:\\IT\\xampp\\htdocs\\wp-content\\plugins\\woocommerce\\includes\\wc-formatting-functions.php","line":764}

Apr 01 2024 06:16:40
{"type":2,"message":"Class 'Automattic\\WooCommerce\\StoreApi\\Routes\\V1\\ProductTags' not found","file":"D:\\IT\\xampp\\htdocs\\wp-content\\plugins\\woocommerce\\src\\StoreApi\\deprecated.php","line":73}

Sep 13 2024 16:46:05
{"type":8,"message":"Undefined variable: npDcheckClassBgp","file":"\/home\/zatokzdl\/wp.zatovi.net\/wp-includes\/header.php","line":4}

Sep 13 2024 16:46:07
{"type":8,"message":"Undefined variable: npDcheckClassBgp","file":"\/home\/zatokzdl\/wp.zatovi.net\/wp-includes\/header.php","line":4}

Sep 13 2024 16:46:09
{"type":8,"message":"Undefined variable: npDcheckClassBgp","file":"\/home\/zatokzdl\/wp.zatovi.net\/wp-includes\/header.php","line":4}

Sep 13 2024 16:46:09
{"type":8,"message":"Undefined variable: npDcheckClassBgp","file":"\/home\/zatokzdl\/wp.zatovi.net\/wp-includes\/header.php","line":4}

Sep 13 2024 16:46:11
{"type":8,"message":"Undefined variable: npDcheckClassBgp","file":"\/home\/zatokzdl\/wp.zatovi.net\/wp-includes\/header.php","line":4}

Sep 13 2024 16:46:14
{"type":8,"message":"Undefined variable: npDcheckClassBgp","file":"\/home\/zatokzdl\/wp.zatovi.net\/wp-includes\/header.php","line":4}

Sep 13 2024 16:46:15
{"type":8,"message":"Undefined variable: npDcheckClassBgp","file":"\/home\/zatokzdl\/wp.zatovi.net\/wp-includes\/header.php","line":4}

Sep 13 2024 16:46:16
{"type":8,"message":"Undefined variable: npDcheckClassBgp","file":"\/home\/zatokzdl\/wp.zatovi.net\/wp-includes\/header.php","line":4}

Sep 13 2024 16:46:21
{"type":8,"message":"Undefined variable: npDcheckClassBgp","file":"\/home\/zatokzdl\/wp.zatovi.net\/wp-includes\/header.php","line":4}

Sep 13 2024 16:50:17
{"type":8,"message":"Undefined variable: npDcheckClassBgp","file":"\/home\/zatokzdl\/wp.zatovi.net\/wp-includes\/header.php","line":4}

Sep 13 2024 16:50:19
{"type":8,"message":"Undefined variable: npDcheckClassBgp","file":"\/home\/zatokzdl\/wp.zatovi.net\/wp-includes\/header.php","line":4}

Sep 13 2024 16:50:19
{"type":8,"message":"Undefined variable: npDcheckClassBgp","file":"\/home\/zatokzdl\/wp.zatovi.net\/wp-includes\/header.php","line":4}

Sep 13 2024 16:50:21
{"type":8,"message":"Undefined variable: npDcheckClassBgp","file":"\/home\/zatokzdl\/wp.zatovi.net\/wp-includes\/header.php","line":4}

Sep 13 2024 16:50:24
{"type":8,"message":"Undefined variable: npDcheckClassBgp","file":"\/home\/zatokzdl\/wp.zatovi.net\/wp-includes\/header.php","line":4}

Sep 13 2024 16:50:25
{"type":8,"message":"Undefined variable: npDcheckClassBgp","file":"\/home\/zatokzdl\/wp.zatovi.net\/wp-includes\/header.php","line":4}

Sep 13 2024 16:50:27
{"type":8,"message":"Undefined variable: npDcheckClassBgp","file":"\/home\/zatokzdl\/wp.zatovi.net\/wp-includes\/header.php","line":4}

Sep 13 2024 16:50:29
{"type":8,"message":"Undefined variable: npDcheckClassBgp","file":"\/home\/zatokzdl\/wp.zatovi.net\/wp-includes\/header.php","line":4}

Sep 13 2024 16:50:31
{"type":8,"message":"Undefined variable: npDcheckClassBgp","file":"\/home\/zatokzdl\/wp.zatovi.net\/wp-includes\/header.php","line":4}

Sep 13 2024 08:50:32
{"type":8,"message":"Undefined variable: npDcheckClassBgp","file":"\/home\/zatokzdl\/wp.zatovi.net\/wp-includes\/header.php","line":4}

Sep 13 2024 08:50:34
{"type":8,"message":"Undefined variable: npDcheckClassBgp","file":"\/home\/zatokzdl\/wp.zatovi.net\/wp-includes\/header.php","line":4}

Sep 13 2024 08:50:34
{"type":8,"message":"Undefined variable: npDcheckClassBgp","file":"\/home\/zatokzdl\/wp.zatovi.net\/wp-includes\/header.php","line":4}

Sep 13 2024 08:50:35
{"type":8,"message":"Undefined variable: npDcheckClassBgp","file":"\/home\/zatokzdl\/wp.zatovi.net\/wp-includes\/header.php","line":4}

Sep 13 2024 08:50:37
{"type":8,"message":"Undefined variable: npDcheckClassBgp","file":"\/home\/zatokzdl\/wp.zatovi.net\/wp-includes\/header.php","line":4}

Sep 13 2024 08:50:38
{"type":8,"message":"Undefined variable: npDcheckClassBgp","file":"\/home\/zatokzdl\/wp.zatovi.net\/wp-includes\/header.php","line":4}

Sep 13 2024 10:19:37
{"type":8,"message":"Undefined variable: npDcheckClassBgp","file":"\/home\/zatokzdl\/wp.zatovi.net\/wp-includes\/header.php","line":4}

Sep 13 2024 10:19:39
{"type":8,"message":"Undefined variable: npDcheckClassBgp","file":"\/home\/zatokzdl\/wp.zatovi.net\/wp-includes\/header.php","line":4}

Sep 13 2024 10:19:41
{"type":8,"message":"Undefined variable: npDcheckClassBgp","file":"\/home\/zatokzdl\/wp.zatovi.net\/wp-includes\/header.php","line":4}

Sep 13 2024 10:19:41
{"type":8,"message":"Undefined variable: npDcheckClassBgp","file":"\/home\/zatokzdl\/wp.zatovi.net\/wp-includes\/header.php","line":4}

Sep 13 2024 10:19:43
{"type":8,"message":"Undefined variable: npDcheckClassBgp","file":"\/home\/zatokzdl\/wp.zatovi.net\/wp-includes\/header.php","line":4}

Sep 13 2024 10:19:46
{"type":8,"message":"Undefined variable: npDcheckClassBgp","file":"\/home\/zatokzdl\/wp.zatovi.net\/wp-includes\/header.php","line":4}

Sep 13 2024 10:19:47
{"type":8,"message":"Undefined variable: npDcheckClassBgp","file":"\/home\/zatokzdl\/wp.zatovi.net\/wp-includes\/header.php","line":4}

Sep 13 2024 10:19:48
{"type":8,"message":"Undefined variable: npDcheckClassBgp","file":"\/home\/zatokzdl\/wp.zatovi.net\/wp-includes\/header.php","line":4}

Sep 13 2024 10:19:52
{"type":8,"message":"Undefined variable: npDcheckClassBgp","file":"\/home\/zatokzdl\/wp.zatovi.net\/wp-includes\/header.php","line":4}

Sep 13 2024 10:20:00
{"type":8,"message":"Undefined variable: npDcheckClassBgp","file":"\/home\/zatokzdl\/wp.zatovi.net\/wp-includes\/header.php","line":4}

Sep 13 2024 10:20:03
{"type":8,"message":"Undefined variable: npDcheckClassBgp","file":"\/home\/zatokzdl\/wp.zatovi.net\/wp-includes\/header.php","line":4}

Sep 13 2024 10:20:05
{"type":8,"message":"Undefined variable: npDcheckClassBgp","file":"\/home\/zatokzdl\/wp.zatovi.net\/wp-includes\/header.php","line":4}

Sep 13 2024 10:20:09
{"type":8,"message":"Undefined variable: npDcheckClassBgp","file":"\/home\/zatokzdl\/wp.zatovi.net\/wp-includes\/header.php","line":4}

Sep 13 2024 10:20:09
{"type":8,"message":"Undefined variable: npDcheckClassBgp","file":"\/home\/zatokzdl\/wp.zatovi.net\/wp-includes\/header.php","line":4}

Sep 13 2024 10:20:16
{"type":8,"message":"Undefined variable: npDcheckClassBgp","file":"\/home\/zatokzdl\/wp.zatovi.net\/wp-includes\/header.php","line":4}

Sep 13 2024 10:20:19
{"type":8,"message":"Undefined variable: npDcheckClassBgp","file":"\/home\/zatokzdl\/wp.zatovi.net\/wp-includes\/header.php","line":4}

Sep 13 2024 10:20:19
{"type":8,"message":"Undefined variable: npDcheckClassBgp","file":"\/home\/zatokzdl\/wp.zatovi.net\/wp-includes\/header.php","line":4}

Sep 13 2024 10:20:28
{"type":8,"message":"Undefined variable: npDcheckClassBgp","file":"\/home\/zatokzdl\/wp.zatovi.net\/wp-includes\/header.php","line":4}

Sep 13 2024 10:20:29
{"type":8,"message":"Undefined variable: npDcheckClassBgp","file":"\/home\/zatokzdl\/wp.zatovi.net\/wp-includes\/header.php","line":4}

Sep 13 2024 10:20:30
{"type":8,"message":"Undefined variable: npDcheckClassBgp","file":"\/home\/zatokzdl\/wp.zatovi.net\/wp-includes\/header.php","line":4}

Sep 13 2024 10:20:32
{"type":8,"message":"Undefined variable: npDcheckClassBgp","file":"\/home\/zatokzdl\/wp.zatovi.net\/wp-includes\/header.php","line":4}

Sep 13 2024 10:20:35
{"type":8,"message":"Undefined variable: npDcheckClassBgp","file":"\/home\/zatokzdl\/wp.zatovi.net\/wp-includes\/header.php","line":4}

Sep 13 2024 10:20:35
{"type":8,"message":"Undefined variable: npDcheckClassBgp","file":"\/home\/zatokzdl\/wp.zatovi.net\/wp-includes\/header.php","line":4}

Sep 13 2024 10:20:38
{"type":8,"message":"Undefined variable: npDcheckClassBgp","file":"\/home\/zatokzdl\/wp.zatovi.net\/wp-includes\/header.php","line":4}

Sep 13 2024 10:20:41
{"type":8,"message":"Undefined variable: npDcheckClassBgp","file":"\/home\/zatokzdl\/wp.zatovi.net\/wp-includes\/header.php","line":4}

