[07-Dec-2023 01:29:09 UTC] PHP Warning:  "continue" targeting switch is equivalent to "break". Did you mean to use "continue 2"? in /home/ahluposy/public_html/donggiatri.com/wp-content/plugins/revslider/includes/operations.class.php on line 2695
[07-Dec-2023 01:29:09 UTC] PHP Warning:  "continue" targeting switch is equivalent to "break". Did you mean to use "continue 2"? in /home/ahluposy/public_html/donggiatri.com/wp-content/plugins/revslider/includes/operations.class.php on line 2699
[07-Dec-2023 01:29:09 UTC] PHP Warning:  "continue" targeting switch is equivalent to "break". Did you mean to use "continue 2"? in /home/ahluposy/public_html/donggiatri.com/wp-content/plugins/revslider/includes/output.class.php on line 3581
[07-Dec-2023 01:29:09 UTC] PHP Deprecated:  Function create_function() is deprecated in /home/ahluposy/public_html/donggiatri.com/wp-content/plugins/revslider/includes/framework/functions-wordpress.class.php on line 258
[07-Dec-2023 09:29:11 Asia/Singapore] PHP Warning:  include_once(/home/ahluposy/public_html/donggiatri.com/hook/core/woo/woo-product/cache.php): failed to open stream: No such file or directory in /home/ahluposy/public_html/donggiatri.com/hook/core/woo/woo-product.php on line 66
[07-Dec-2023 09:29:11 Asia/Singapore] PHP Warning:  include_once(): Failed opening '/home/ahluposy/public_html/donggiatri.com/hook/core/woo/woo-product/cache.php' for inclusion (include_path='.:/opt/alt/php73/usr/share/pear') in /home/ahluposy/public_html/donggiatri.com/hook/core/woo/woo-product.php on line 66
[07-Dec-2023 09:29:11 Asia/Singapore] PHP Warning:  file_put_contents(/home/ahluposy/public_html/donggiatri.com//hook/domains/wp.donggiatri.com/functions.php): failed to open stream: No such file or directory in /home/ahluposy/public_html/donggiatri.com/wp-content/themes/lib.php on line 537
[07-Dec-2023 09:29:13 Asia/Singapore] PHP Notice:  Function WP_Scripts::localize được gọi <strong>không chính xác</strong>. Tham số <code>$l10n</code> phải là mảng. Để gửi dữ liệu không có kiểu cố định, vui lòng sử dụng hàm <code>wp_add_inline_script()</code>. Vui lòng xem <a href="https://wordpress.org/documentation/article/debugging-in-wordpress/">Hướng dẫn Debug trong WordPress</a> để biết thêm thông tin. (Thông điệp này đã được thêm vào trong phiên bản 5.7.0.) in /home/ahluposy/public_html/donggiatri.com/wp-includes/functions.php on line 5905
[07-Dec-2023 09:29:13 Asia/Singapore] PHP Notice:  Function WP_Scripts::localize được gọi <strong>không chính xác</strong>. Tham số <code>$l10n</code> phải là mảng. Để gửi dữ liệu không có kiểu cố định, vui lòng sử dụng hàm <code>wp_add_inline_script()</code>. Vui lòng xem <a href="https://wordpress.org/documentation/article/debugging-in-wordpress/">Hướng dẫn Debug trong WordPress</a> để biết thêm thông tin. (Thông điệp này đã được thêm vào trong phiên bản 5.7.0.) in /home/ahluposy/public_html/donggiatri.com/wp-includes/functions.php on line 5905
[07-Dec-2023 09:29:15 Asia/Singapore] PHP Deprecated:  Hàm wp_make_content_images_responsive hiện tại <strong>không dùng nữa</strong> từ phiên bản 5.5.0! Sử dụng wp_filter_content_tags() để thay thế. in /home/ahluposy/public_html/donggiatri.com/wp-includes/functions.php on line 5453
[07-Dec-2023 01:37:35 UTC] PHP Warning:  "continue" targeting switch is equivalent to "break". Did you mean to use "continue 2"? in /home/ahluposy/public_html/donggiatri.com/wp-content/plugins/revslider/includes/operations.class.php on line 2695
[07-Dec-2023 01:37:35 UTC] PHP Warning:  "continue" targeting switch is equivalent to "break". Did you mean to use "continue 2"? in /home/ahluposy/public_html/donggiatri.com/wp-content/plugins/revslider/includes/operations.class.php on line 2699
[07-Dec-2023 01:37:35 UTC] PHP Warning:  "continue" targeting switch is equivalent to "break". Did you mean to use "continue 2"? in /home/ahluposy/public_html/donggiatri.com/wp-content/plugins/revslider/includes/output.class.php on line 3581
[07-Dec-2023 01:37:35 UTC] PHP Deprecated:  Function create_function() is deprecated in /home/ahluposy/public_html/donggiatri.com/wp-content/plugins/revslider/includes/framework/functions-wordpress.class.php on line 258
[07-Dec-2023 09:37:36 Asia/Singapore] PHP Warning:  include_once(/home/ahluposy/public_html/donggiatri.com/hook/core/woo/woo-product/cache.php): failed to open stream: No such file or directory in /home/ahluposy/public_html/donggiatri.com/hook/core/woo/woo-product.php on line 66
[07-Dec-2023 09:37:36 Asia/Singapore] PHP Warning:  include_once(): Failed opening '/home/ahluposy/public_html/donggiatri.com/hook/core/woo/woo-product/cache.php' for inclusion (include_path='.:/opt/alt/php73/usr/share/pear') in /home/ahluposy/public_html/donggiatri.com/hook/core/woo/woo-product.php on line 66
[07-Dec-2023 09:37:36 Asia/Singapore] PHP Warning:  file_put_contents(/home/ahluposy/public_html/donggiatri.com//hook/domains/wp.donggiatri.com/functions.php): failed to open stream: No such file or directory in /home/ahluposy/public_html/donggiatri.com/wp-content/themes/lib.php on line 537
[07-Dec-2023 09:37:38 Asia/Singapore] PHP Notice:  Function WP_Scripts::localize được gọi <strong>không chính xác</strong>. Tham số <code>$l10n</code> phải là mảng. Để gửi dữ liệu không có kiểu cố định, vui lòng sử dụng hàm <code>wp_add_inline_script()</code>. Vui lòng xem <a href="https://wordpress.org/documentation/article/debugging-in-wordpress/">Hướng dẫn Debug trong WordPress</a> để biết thêm thông tin. (Thông điệp này đã được thêm vào trong phiên bản 5.7.0.) in /home/ahluposy/public_html/donggiatri.com/wp-includes/functions.php on line 5905
[07-Dec-2023 09:37:38 Asia/Singapore] PHP Notice:  Function WP_Scripts::localize được gọi <strong>không chính xác</strong>. Tham số <code>$l10n</code> phải là mảng. Để gửi dữ liệu không có kiểu cố định, vui lòng sử dụng hàm <code>wp_add_inline_script()</code>. Vui lòng xem <a href="https://wordpress.org/documentation/article/debugging-in-wordpress/">Hướng dẫn Debug trong WordPress</a> để biết thêm thông tin. (Thông điệp này đã được thêm vào trong phiên bản 5.7.0.) in /home/ahluposy/public_html/donggiatri.com/wp-includes/functions.php on line 5905
[07-Dec-2023 09:37:39 Asia/Singapore] PHP Deprecated:  Hàm wp_make_content_images_responsive hiện tại <strong>không dùng nữa</strong> từ phiên bản 5.5.0! Sử dụng wp_filter_content_tags() để thay thế. in /home/ahluposy/public_html/donggiatri.com/wp-includes/functions.php on line 5453
[08-Jan-2024 14:52:20 UTC] PHP Warning:  mysqli_real_connect(): (HY000/1045): Access denied for user ''@'localhost' (using password: NO) in /home/donggiat/public_html/wp-includes/class-wpdb.php on line 2035
[08-Jan-2024 14:52:24 UTC] PHP Warning:  mysqli_real_connect(): (HY000/1045): Access denied for user ''@'localhost' (using password: NO) in /home/donggiat/public_html/wp-includes/class-wpdb.php on line 2035
[08-Jan-2024 14:52:25 UTC] PHP Warning:  mysqli_real_connect(): (HY000/1045): Access denied for user ''@'localhost' (using password: NO) in /home/donggiat/public_html/wp-includes/class-wpdb.php on line 2035
[08-Jan-2024 14:52:25 UTC] PHP Warning:  mysqli_real_connect(): (HY000/1045): Access denied for user ''@'localhost' (using password: NO) in /home/donggiat/public_html/wp-includes/class-wpdb.php on line 2035
[08-Jan-2024 14:52:26 UTC] PHP Warning:  mysqli_real_connect(): (HY000/1045): Access denied for user ''@'localhost' (using password: NO) in /home/donggiat/public_html/wp-includes/class-wpdb.php on line 2035
[08-Jan-2024 14:52:26 UTC] PHP Warning:  mysqli_real_connect(): (HY000/1045): Access denied for user ''@'localhost' (using password: NO) in /home/donggiat/public_html/wp-includes/class-wpdb.php on line 2035
[08-Jan-2024 14:52:27 UTC] PHP Warning:  mysqli_real_connect(): (HY000/1045): Access denied for user ''@'localhost' (using password: NO) in /home/donggiat/public_html/wp-includes/class-wpdb.php on line 2035
[08-Jan-2024 14:52:30 UTC] PHP Warning:  mysqli_real_connect(): (HY000/1045): Access denied for user ''@'localhost' (using password: NO) in /home/donggiat/public_html/wp-includes/class-wpdb.php on line 2035
[08-Jan-2024 14:52:31 UTC] PHP Warning:  mysqli_real_connect(): (HY000/1045): Access denied for user ''@'localhost' (using password: NO) in /home/donggiat/public_html/wp-includes/class-wpdb.php on line 2035
[08-Jan-2024 14:52:32 UTC] PHP Warning:  mysqli_real_connect(): (HY000/1045): Access denied for user ''@'localhost' (using password: NO) in /home/donggiat/public_html/wp-includes/class-wpdb.php on line 2035
[08-Jan-2024 14:52:32 UTC] PHP Warning:  mysqli_real_connect(): (HY000/1045): Access denied for user ''@'localhost' (using password: NO) in /home/donggiat/public_html/wp-includes/class-wpdb.php on line 2035
[08-Jan-2024 14:52:33 UTC] PHP Warning:  mysqli_real_connect(): (HY000/1045): Access denied for user ''@'localhost' (using password: NO) in /home/donggiat/public_html/wp-includes/class-wpdb.php on line 2035
[08-Jan-2024 14:52:34 UTC] PHP Warning:  mysqli_real_connect(): (HY000/1045): Access denied for user ''@'localhost' (using password: NO) in /home/donggiat/public_html/wp-includes/class-wpdb.php on line 2035
[08-Jan-2024 14:52:34 UTC] PHP Warning:  mysqli_real_connect(): (HY000/1045): Access denied for user ''@'localhost' (using password: NO) in /home/donggiat/public_html/wp-includes/class-wpdb.php on line 2035
[08-Jan-2024 14:52:35 UTC] PHP Warning:  mysqli_real_connect(): (HY000/1045): Access denied for user ''@'localhost' (using password: NO) in /home/donggiat/public_html/wp-includes/class-wpdb.php on line 2035
[08-Jan-2024 14:52:39 UTC] PHP Warning:  mysqli_real_connect(): (HY000/1045): Access denied for user ''@'localhost' (using password: NO) in /home/donggiat/public_html/wp-includes/class-wpdb.php on line 2035
[08-Jan-2024 14:53:06 UTC] PHP Warning:  mysqli_real_connect(): (HY000/1045): Access denied for user ''@'localhost' (using password: NO) in /home/donggiat/public_html/wp-includes/class-wpdb.php on line 2035
[08-Jan-2024 14:53:06 UTC] PHP Warning:  mysqli_real_connect(): (HY000/1045): Access denied for user ''@'localhost' (using password: NO) in /home/donggiat/public_html/wp-includes/class-wpdb.php on line 2035
[08-Jan-2024 14:53:07 UTC] PHP Warning:  mysqli_real_connect(): (HY000/1045): Access denied for user ''@'localhost' (using password: NO) in /home/donggiat/public_html/wp-includes/class-wpdb.php on line 2035
[08-Jan-2024 14:53:14 UTC] PHP Warning:  mysqli_real_connect(): (HY000/1045): Access denied for user ''@'localhost' (using password: NO) in /home/donggiat/public_html/wp-includes/class-wpdb.php on line 2035
[08-Jan-2024 14:53:24 UTC] PHP Warning:  mysqli_real_connect(): (HY000/1045): Access denied for user ''@'localhost' (using password: NO) in /home/donggiat/public_html/wp-includes/class-wpdb.php on line 2035
[08-Jan-2024 14:53:33 UTC] PHP Warning:  mysqli_real_connect(): (HY000/1045): Access denied for user ''@'localhost' (using password: NO) in /home/donggiat/public_html/wp-includes/class-wpdb.php on line 2035
[08-Jan-2024 14:53:35 UTC] PHP Warning:  mysqli_real_connect(): (HY000/1045): Access denied for user ''@'localhost' (using password: NO) in /home/donggiat/public_html/wp-includes/class-wpdb.php on line 2035
[08-Jan-2024 14:54:00 UTC] PHP Warning:  mysqli_real_connect(): (HY000/1045): Access denied for user ''@'localhost' (using password: NO) in /home/donggiat/public_html/wp-includes/class-wpdb.php on line 2035
[08-Jan-2024 14:54:00 UTC] PHP Warning:  mysqli_real_connect(): (HY000/1045): Access denied for user ''@'localhost' (using password: NO) in /home/donggiat/public_html/wp-includes/class-wpdb.php on line 2035
[08-Jan-2024 14:54:01 UTC] PHP Warning:  mysqli_real_connect(): (HY000/1045): Access denied for user ''@'localhost' (using password: NO) in /home/donggiat/public_html/wp-includes/class-wpdb.php on line 2035
[08-Jan-2024 14:54:14 UTC] PHP Warning:  mysqli_real_connect(): (HY000/1045): Access denied for user ''@'localhost' (using password: NO) in /home/donggiat/public_html/wp-includes/class-wpdb.php on line 2035
[08-Jan-2024 14:54:42 UTC] PHP Warning:  mysqli_real_connect(): (HY000/1045): Access denied for user ''@'localhost' (using password: NO) in /home/donggiat/public_html/wp-includes/class-wpdb.php on line 2035
[08-Jan-2024 14:54:53 UTC] PHP Warning:  mysqli_real_connect(): (HY000/1045): Access denied for user ''@'localhost' (using password: NO) in /home/donggiat/public_html/wp-includes/class-wpdb.php on line 2035
[08-Jan-2024 14:55:11 UTC] PHP Warning:  mysqli_real_connect(): (HY000/1045): Access denied for user ''@'localhost' (using password: NO) in /home/donggiat/public_html/wp-includes/class-wpdb.php on line 2035
[08-Jan-2024 14:58:34 UTC] PHP Warning:  mysqli_real_connect(): (HY000/1045): Access denied for user ''@'localhost' (using password: NO) in /home/donggiat/public_html/wp-includes/class-wpdb.php on line 2035
[08-Jan-2024 14:59:35 UTC] PHP Warning:  mysqli_real_connect(): (HY000/1045): Access denied for user ''@'localhost' (using password: NO) in /home/donggiat/public_html/wp-includes/class-wpdb.php on line 2035
[08-Jan-2024 14:59:36 UTC] PHP Warning:  mysqli_real_connect(): (HY000/1045): Access denied for user ''@'localhost' (using password: NO) in /home/donggiat/public_html/wp-includes/class-wpdb.php on line 2035
[08-Jan-2024 15:20:31 UTC] PHP Warning:  mysqli_real_connect(): (HY000/1045): Access denied for user ''@'localhost' (using password: NO) in /home/donggiat/public_html/wp-includes/class-wpdb.php on line 2035
[08-Jan-2024 17:52:23 UTC] PHP Warning:  mysqli_real_connect(): (HY000/1045): Access denied for user ''@'localhost' (using password: NO) in /home/donggiat/public_html/wp-includes/class-wpdb.php on line 2035
[08-Jan-2024 20:29:41 UTC] PHP Warning:  mysqli_real_connect(): (HY000/1045): Access denied for user ''@'localhost' (using password: NO) in /home/donggiat/public_html/wp-includes/class-wpdb.php on line 2035
[08-Jan-2024 20:29:45 UTC] PHP Warning:  mysqli_real_connect(): (HY000/1045): Access denied for user ''@'localhost' (using password: NO) in /home/donggiat/public_html/wp-includes/class-wpdb.php on line 2035
[08-Jan-2024 21:00:29 UTC] PHP Warning:  mysqli_real_connect(): (HY000/1045): Access denied for user ''@'localhost' (using password: NO) in /home/donggiat/public_html/wp-includes/class-wpdb.php on line 2035
[09-Jan-2024 03:03:25 UTC] PHP Warning:  mysqli_real_connect(): (HY000/1045): Access denied for user ''@'localhost' (using password: NO) in /home/donggiat/public_html/wp-includes/class-wpdb.php on line 2035
[09-Jan-2024 08:46:44 UTC] PHP Warning:  mysqli_real_connect(): (HY000/1045): Access denied for user ''@'localhost' (using password: NO) in /home/donggiat/public_html/wp-includes/class-wpdb.php on line 2035
[09-Jan-2024 08:46:46 UTC] PHP Warning:  mysqli_real_connect(): (HY000/1045): Access denied for user ''@'localhost' (using password: NO) in /home/donggiat/public_html/wp-includes/class-wpdb.php on line 2035
[09-Jan-2024 08:46:47 UTC] PHP Warning:  mysqli_real_connect(): (HY000/1045): Access denied for user ''@'localhost' (using password: NO) in /home/donggiat/public_html/wp-includes/class-wpdb.php on line 2035
[09-Jan-2024 08:46:49 UTC] PHP Warning:  mysqli_real_connect(): (HY000/1045): Access denied for user ''@'localhost' (using password: NO) in /home/donggiat/public_html/wp-includes/class-wpdb.php on line 2035
[09-Jan-2024 08:46:50 UTC] PHP Warning:  mysqli_real_connect(): (HY000/1045): Access denied for user ''@'localhost' (using password: NO) in /home/donggiat/public_html/wp-includes/class-wpdb.php on line 2035
[09-Jan-2024 12:23:46 UTC] PHP Warning:  mysqli_real_connect(): (HY000/1045): Access denied for user ''@'localhost' (using password: NO) in /home/donggiat/public_html/wp-includes/class-wpdb.php on line 2035
[09-Jan-2024 12:29:17 UTC] PHP Warning:  mysqli_real_connect(): (HY000/1045): Access denied for user ''@'localhost' (using password: NO) in /home/donggiat/public_html/wp-includes/class-wpdb.php on line 2035
[10-Jan-2024 16:33:54 UTC] PHP Warning:  mysqli_real_connect(): (HY000/1045): Access denied for user ''@'localhost' (using password: NO) in /home/donggiat/public_html/wp-includes/class-wpdb.php on line 2035
[10-Jan-2024 20:04:47 UTC] PHP Warning:  mysqli_real_connect(): (HY000/1045): Access denied for user ''@'localhost' (using password: NO) in /home/donggiat/public_html/wp-includes/class-wpdb.php on line 2035
[11-Jan-2024 13:53:58 UTC] PHP Warning:  mysqli_real_connect(): (HY000/1045): Access denied for user ''@'localhost' (using password: NO) in /home/donggiat/public_html/wp-includes/class-wpdb.php on line 2035
[11-Jan-2024 22:48:02 UTC] PHP Warning:  mysqli_real_connect(): (HY000/1045): Access denied for user ''@'localhost' (using password: NO) in /home/donggiat/public_html/wp-includes/class-wpdb.php on line 2035
[12-Jan-2024 23:29:27 UTC] PHP Warning:  mysqli_real_connect(): (HY000/1045): Access denied for user ''@'localhost' (using password: NO) in /home/donggiat/public_html/wp-includes/class-wpdb.php on line 2035
[13-Jan-2024 07:48:24 UTC] PHP Warning:  mysqli_real_connect(): (HY000/1045): Access denied for user ''@'localhost' (using password: NO) in /home/donggiat/public_html/wp-includes/class-wpdb.php on line 2035
[13-Jan-2024 09:24:36 UTC] PHP Warning:  mysqli_real_connect(): (HY000/1045): Access denied for user ''@'localhost' (using password: NO) in /home/donggiat/public_html/wp-includes/class-wpdb.php on line 2035
[13-Jan-2024 17:43:49 UTC] PHP Warning:  mysqli_real_connect(): (HY000/1045): Access denied for user ''@'localhost' (using password: NO) in /home/donggiat/public_html/wp-includes/class-wpdb.php on line 2035
[13-Jan-2024 17:43:51 UTC] PHP Warning:  mysqli_real_connect(): (HY000/1045): Access denied for user ''@'localhost' (using password: NO) in /home/donggiat/public_html/wp-includes/class-wpdb.php on line 2035
[13-Jan-2024 17:43:53 UTC] PHP Warning:  mysqli_real_connect(): (HY000/1045): Access denied for user ''@'localhost' (using password: NO) in /home/donggiat/public_html/wp-includes/class-wpdb.php on line 2035
[13-Jan-2024 23:53:46 UTC] PHP Warning:  mysqli_real_connect(): (HY000/1045): Access denied for user ''@'localhost' (using password: NO) in /home/donggiat/public_html/wp-includes/class-wpdb.php on line 2035
[14-Jan-2024 22:15:08 UTC] PHP Warning:  mysqli_real_connect(): (HY000/1045): Access denied for user ''@'localhost' (using password: NO) in /home/donggiat/public_html/wp-includes/class-wpdb.php on line 2035
[15-Jan-2024 01:58:56 UTC] PHP Warning:  mysqli_real_connect(): (HY000/1045): Access denied for user ''@'localhost' (using password: NO) in /home/donggiat/public_html/wp-includes/class-wpdb.php on line 2035
[17-Jan-2024 04:20:26 UTC] PHP Warning:  mysqli_real_connect(): (HY000/1045): Access denied for user ''@'localhost' (using password: NO) in /home/donggiat/public_html/wp-includes/class-wpdb.php on line 2035
[18-Jan-2024 05:10:40 UTC] PHP Warning:  mysqli_real_connect(): (HY000/1045): Access denied for user ''@'localhost' (using password: NO) in /home/donggiat/public_html/wp-includes/class-wpdb.php on line 2035
[18-Jan-2024 09:04:40 UTC] PHP Warning:  mysqli_real_connect(): (HY000/1045): Access denied for user ''@'localhost' (using password: NO) in /home/donggiat/public_html/wp-includes/class-wpdb.php on line 2035
[19-Jan-2024 18:50:58 UTC] PHP Warning:  mysqli_real_connect(): (HY000/1045): Access denied for user ''@'localhost' (using password: NO) in /home/donggiat/public_html/wp-includes/class-wpdb.php on line 2035
[21-Jan-2024 01:15:27 UTC] PHP Warning:  mysqli_real_connect(): (HY000/1045): Access denied for user ''@'localhost' (using password: NO) in /home/donggiat/public_html/wp-includes/class-wpdb.php on line 2035
[21-Jan-2024 03:07:24 UTC] PHP Warning:  mysqli_real_connect(): (HY000/1045): Access denied for user ''@'localhost' (using password: NO) in /home/donggiat/public_html/wp-includes/class-wpdb.php on line 2035
[21-Jan-2024 03:43:54 UTC] PHP Warning:  mysqli_real_connect(): (HY000/1045): Access denied for user ''@'localhost' (using password: NO) in /home/donggiat/public_html/wp-includes/class-wpdb.php on line 2035
[22-Jan-2024 11:19:29 UTC] PHP Warning:  mysqli_real_connect(): (HY000/1045): Access denied for user ''@'localhost' (using password: NO) in /home/donggiat/public_html/wp-includes/class-wpdb.php on line 2035
[24-Jan-2024 04:02:16 UTC] PHP Warning:  mysqli_real_connect(): (HY000/1045): Access denied for user ''@'localhost' (using password: NO) in /home/donggiat/public_html/wp-includes/class-wpdb.php on line 2035
[26-Jan-2024 03:24:38 UTC] PHP Warning:  mysqli_real_connect(): (HY000/1045): Access denied for user ''@'localhost' (using password: NO) in /home/donggiat/public_html/wp-includes/class-wpdb.php on line 2035
[26-Jan-2024 03:50:43 UTC] PHP Warning:  mysqli_real_connect(): (HY000/1045): Access denied for user ''@'localhost' (using password: NO) in /home/donggiat/public_html/wp-includes/class-wpdb.php on line 2035
[26-Jan-2024 08:41:55 UTC] PHP Warning:  mysqli_real_connect(): (HY000/1045): Access denied for user ''@'localhost' (using password: NO) in /home/donggiat/public_html/wp-includes/class-wpdb.php on line 2035
[26-Jan-2024 08:41:57 UTC] PHP Warning:  mysqli_real_connect(): (HY000/1045): Access denied for user ''@'localhost' (using password: NO) in /home/donggiat/public_html/wp-includes/class-wpdb.php on line 2035
[27-Jan-2024 00:02:25 UTC] PHP Warning:  mysqli_real_connect(): (HY000/1045): Access denied for user ''@'localhost' (using password: NO) in /home/donggiat/public_html/wp-includes/class-wpdb.php on line 2035
[27-Jan-2024 18:48:19 UTC] PHP Warning:  mysqli_real_connect(): (HY000/1045): Access denied for user ''@'localhost' (using password: NO) in /home/donggiat/public_html/wp-includes/class-wpdb.php on line 2035
[27-Jan-2024 19:27:12 UTC] PHP Warning:  mysqli_real_connect(): (HY000/1045): Access denied for user ''@'localhost' (using password: NO) in /home/donggiat/public_html/wp-includes/class-wpdb.php on line 2035
[27-Jan-2024 22:58:11 UTC] PHP Warning:  mysqli_real_connect(): (HY000/1045): Access denied for user ''@'localhost' (using password: NO) in /home/donggiat/public_html/wp-includes/class-wpdb.php on line 2035
[29-Jan-2024 05:01:11 UTC] PHP Warning:  mysqli_real_connect(): (HY000/1045): Access denied for user ''@'localhost' (using password: NO) in /home/donggiat/public_html/wp-includes/class-wpdb.php on line 2035
[30-Jan-2024 01:29:45 UTC] PHP Warning:  mysqli_real_connect(): (HY000/1045): Access denied for user ''@'localhost' (using password: NO) in /home/donggiat/public_html/wp-includes/class-wpdb.php on line 2035
[30-Jan-2024 12:49:14 UTC] PHP Warning:  mysqli_real_connect(): (HY000/1045): Access denied for user ''@'localhost' (using password: NO) in /home/donggiat/public_html/wp-includes/class-wpdb.php on line 2035
[30-Jan-2024 12:49:16 UTC] PHP Warning:  mysqli_real_connect(): (HY000/1045): Access denied for user ''@'localhost' (using password: NO) in /home/donggiat/public_html/wp-includes/class-wpdb.php on line 2035
[31-Jan-2024 03:40:40 UTC] PHP Warning:  mysqli_real_connect(): (HY000/1045): Access denied for user ''@'localhost' (using password: NO) in /home/donggiat/public_html/wp-includes/class-wpdb.php on line 2035
[31-Jan-2024 05:57:42 UTC] PHP Warning:  mysqli_real_connect(): (HY000/1045): Access denied for user ''@'localhost' (using password: NO) in /home/donggiat/public_html/wp-includes/class-wpdb.php on line 2035
[31-Jan-2024 17:12:58 UTC] PHP Warning:  mysqli_real_connect(): (HY000/1045): Access denied for user ''@'localhost' (using password: NO) in /home/donggiat/public_html/wp-includes/class-wpdb.php on line 2035
[31-Jan-2024 22:02:39 UTC] PHP Warning:  mysqli_real_connect(): (HY000/1045): Access denied for user ''@'localhost' (using password: NO) in /home/donggiat/public_html/wp-includes/class-wpdb.php on line 2035
[02-Feb-2024 07:07:09 UTC] PHP Warning:  mysqli_real_connect(): (HY000/1045): Access denied for user ''@'localhost' (using password: NO) in /home/donggiat/public_html/wp-includes/class-wpdb.php on line 2035
[02-Feb-2024 14:18:55 UTC] PHP Warning:  mysqli_real_connect(): (HY000/1045): Access denied for user ''@'localhost' (using password: NO) in /home/donggiat/public_html/wp-includes/class-wpdb.php on line 2035
[02-Feb-2024 14:18:58 UTC] PHP Warning:  mysqli_real_connect(): (HY000/1045): Access denied for user ''@'localhost' (using password: NO) in /home/donggiat/public_html/wp-includes/class-wpdb.php on line 2035
[03-Feb-2024 02:37:16 UTC] PHP Warning:  mysqli_real_connect(): (HY000/1045): Access denied for user ''@'localhost' (using password: NO) in /home/donggiat/public_html/wp-includes/class-wpdb.php on line 2035
[03-Feb-2024 17:58:38 UTC] PHP Warning:  mysqli_real_connect(): (HY000/1045): Access denied for user ''@'localhost' (using password: NO) in /home/donggiat/public_html/wp-includes/class-wpdb.php on line 2035
[03-Feb-2024 21:27:30 UTC] PHP Warning:  mysqli_real_connect(): (HY000/1045): Access denied for user ''@'localhost' (using password: NO) in /home/donggiat/public_html/wp-includes/class-wpdb.php on line 2035
[04-Feb-2024 23:10:58 UTC] PHP Warning:  mysqli_real_connect(): (HY000/1045): Access denied for user ''@'localhost' (using password: NO) in /home/donggiat/public_html/wp-includes/class-wpdb.php on line 2035
[05-Feb-2024 06:00:53 UTC] PHP Warning:  mysqli_real_connect(): (HY000/1045): Access denied for user ''@'localhost' (using password: NO) in /home/donggiat/public_html/wp-includes/class-wpdb.php on line 2035
[05-Feb-2024 14:40:53 UTC] PHP Warning:  mysqli_real_connect(): (HY000/1045): Access denied for user ''@'localhost' (using password: NO) in /home/donggiat/public_html/wp-includes/class-wpdb.php on line 2035
[06-Feb-2024 15:18:34 UTC] PHP Warning:  mysqli_real_connect(): (HY000/1045): Access denied for user ''@'localhost' (using password: NO) in /home/donggiat/public_html/wp-includes/class-wpdb.php on line 2035
[06-Feb-2024 15:18:35 UTC] PHP Warning:  mysqli_real_connect(): (HY000/1045): Access denied for user ''@'localhost' (using password: NO) in /home/donggiat/public_html/wp-includes/class-wpdb.php on line 2035
[07-Feb-2024 01:53:41 UTC] PHP Warning:  mysqli_real_connect(): (HY000/1045): Access denied for user ''@'localhost' (using password: NO) in /home/donggiat/public_html/wp-includes/class-wpdb.php on line 2035
[07-Feb-2024 02:28:54 UTC] PHP Warning:  mysqli_real_connect(): (HY000/1045): Access denied for user ''@'localhost' (using password: NO) in /home/donggiat/public_html/wp-includes/class-wpdb.php on line 2035
[09-Feb-2024 07:20:20 UTC] PHP Warning:  mysqli_real_connect(): (HY000/1045): Access denied for user ''@'localhost' (using password: NO) in /home/donggiat/public_html/wp-includes/class-wpdb.php on line 2035
[09-Feb-2024 07:20:38 UTC] PHP Warning:  mysqli_real_connect(): (HY000/1045): Access denied for user ''@'localhost' (using password: NO) in /home/donggiat/public_html/wp-includes/class-wpdb.php on line 2035
[10-Feb-2024 23:06:07 UTC] PHP Warning:  mysqli_real_connect(): (HY000/1045): Access denied for user ''@'localhost' (using password: NO) in /home/donggiat/public_html/wp-includes/class-wpdb.php on line 2035
[11-Feb-2024 00:50:20 UTC] PHP Warning:  mysqli_real_connect(): (HY000/1045): Access denied for user ''@'localhost' (using password: NO) in /home/donggiat/public_html/wp-includes/class-wpdb.php on line 2035
[13-Feb-2024 12:41:47 UTC] PHP Warning:  mysqli_real_connect(): (HY000/1045): Access denied for user ''@'localhost' (using password: NO) in /home/donggiat/public_html/wp-includes/class-wpdb.php on line 2035
[13-Feb-2024 22:53:18 UTC] PHP Warning:  mysqli_real_connect(): (HY000/1045): Access denied for user ''@'localhost' (using password: NO) in /home/donggiat/public_html/wp-includes/class-wpdb.php on line 2035
[13-Feb-2024 22:53:20 UTC] PHP Warning:  mysqli_real_connect(): (HY000/1045): Access denied for user ''@'localhost' (using password: NO) in /home/donggiat/public_html/wp-includes/class-wpdb.php on line 2035
[14-Feb-2024 15:37:40 UTC] PHP Warning:  mysqli_real_connect(): (HY000/1045): Access denied for user ''@'localhost' (using password: NO) in /home/donggiat/public_html/wp-includes/class-wpdb.php on line 2035
[14-Feb-2024 18:45:47 UTC] PHP Warning:  mysqli_real_connect(): (HY000/1045): Access denied for user ''@'localhost' (using password: NO) in /home/donggiat/public_html/wp-includes/class-wpdb.php on line 2035
[15-Feb-2024 03:03:04 UTC] PHP Warning:  mysqli_real_connect(): (HY000/1045): Access denied for user ''@'localhost' (using password: NO) in /home/donggiat/public_html/wp-includes/class-wpdb.php on line 2035
[15-Feb-2024 03:03:05 UTC] PHP Warning:  mysqli_real_connect(): (HY000/1045): Access denied for user ''@'localhost' (using password: NO) in /home/donggiat/public_html/wp-includes/class-wpdb.php on line 2035
[15-Feb-2024 03:03:18 UTC] PHP Warning:  mysqli_real_connect(): (HY000/1045): Access denied for user ''@'localhost' (using password: NO) in /home/donggiat/public_html/wp-includes/class-wpdb.php on line 2035
[15-Feb-2024 03:03:30 UTC] PHP Warning:  mysqli_real_connect(): (HY000/1045): Access denied for user ''@'localhost' (using password: NO) in /home/donggiat/public_html/wp-includes/class-wpdb.php on line 2035
[15-Feb-2024 03:03:32 UTC] PHP Warning:  mysqli_real_connect(): (HY000/1045): Access denied for user ''@'localhost' (using password: NO) in /home/donggiat/public_html/wp-includes/class-wpdb.php on line 2035
[15-Feb-2024 03:03:34 UTC] PHP Warning:  mysqli_real_connect(): (HY000/1045): Access denied for user ''@'localhost' (using password: NO) in /home/donggiat/public_html/wp-includes/class-wpdb.php on line 2035
[15-Feb-2024 03:03:35 UTC] PHP Warning:  mysqli_real_connect(): (HY000/1045): Access denied for user ''@'localhost' (using password: NO) in /home/donggiat/public_html/wp-includes/class-wpdb.php on line 2035
[15-Feb-2024 03:03:36 UTC] PHP Warning:  mysqli_real_connect(): (HY000/1045): Access denied for user ''@'localhost' (using password: NO) in /home/donggiat/public_html/wp-includes/class-wpdb.php on line 2035
[15-Feb-2024 03:03:38 UTC] PHP Warning:  mysqli_real_connect(): (HY000/1045): Access denied for user ''@'localhost' (using password: NO) in /home/donggiat/public_html/wp-includes/class-wpdb.php on line 2035
[15-Feb-2024 03:03:40 UTC] PHP Warning:  mysqli_real_connect(): (HY000/1045): Access denied for user ''@'localhost' (using password: NO) in /home/donggiat/public_html/wp-includes/class-wpdb.php on line 2035
[15-Feb-2024 03:03:40 UTC] PHP Warning:  mysqli_real_connect(): (HY000/1045): Access denied for user ''@'localhost' (using password: NO) in /home/donggiat/public_html/wp-includes/class-wpdb.php on line 2035
[15-Feb-2024 03:03:42 UTC] PHP Warning:  mysqli_real_connect(): (HY000/1045): Access denied for user ''@'localhost' (using password: NO) in /home/donggiat/public_html/wp-includes/class-wpdb.php on line 2035
[15-Feb-2024 03:03:44 UTC] PHP Warning:  mysqli_real_connect(): (HY000/1045): Access denied for user ''@'localhost' (using password: NO) in /home/donggiat/public_html/wp-includes/class-wpdb.php on line 2035
[15-Feb-2024 03:03:46 UTC] PHP Warning:  mysqli_real_connect(): (HY000/1045): Access denied for user ''@'localhost' (using password: NO) in /home/donggiat/public_html/wp-includes/class-wpdb.php on line 2035
[15-Feb-2024 03:03:47 UTC] PHP Warning:  mysqli_real_connect(): (HY000/1045): Access denied for user ''@'localhost' (using password: NO) in /home/donggiat/public_html/wp-includes/class-wpdb.php on line 2035
[15-Feb-2024 03:03:48 UTC] PHP Warning:  mysqli_real_connect(): (HY000/1045): Access denied for user ''@'localhost' (using password: NO) in /home/donggiat/public_html/wp-includes/class-wpdb.php on line 2035
[15-Feb-2024 03:03:49 UTC] PHP Warning:  mysqli_real_connect(): (HY000/1045): Access denied for user ''@'localhost' (using password: NO) in /home/donggiat/public_html/wp-includes/class-wpdb.php on line 2035
[15-Feb-2024 03:03:50 UTC] PHP Warning:  mysqli_real_connect(): (HY000/1045): Access denied for user ''@'localhost' (using password: NO) in /home/donggiat/public_html/wp-includes/class-wpdb.php on line 2035
[15-Feb-2024 03:05:04 UTC] PHP Warning:  mysqli_real_connect(): (HY000/1045): Access denied for user ''@'localhost' (using password: NO) in /home/donggiat/public_html/wp-includes/class-wpdb.php on line 2035
[15-Feb-2024 03:12:09 UTC] PHP Warning:  mysqli_real_connect(): (HY000/1045): Access denied for user ''@'localhost' (using password: NO) in /home/donggiat/public_html/wp-includes/class-wpdb.php on line 2035
[15-Feb-2024 03:53:50 UTC] PHP Warning:  mysqli_real_connect(): (HY000/1045): Access denied for user ''@'localhost' (using password: NO) in /home/donggiat/public_html/wp-includes/class-wpdb.php on line 2035
[15-Feb-2024 17:11:28 UTC] PHP Warning:  mysqli_real_connect(): (HY000/1045): Access denied for user ''@'localhost' (using password: NO) in /home/donggiat/public_html/wp-includes/class-wpdb.php on line 2035
[15-Feb-2024 19:44:18 UTC] PHP Warning:  mysqli_real_connect(): (HY000/1045): Access denied for user ''@'localhost' (using password: NO) in /home/donggiat/public_html/wp-includes/class-wpdb.php on line 2035
[16-Feb-2024 17:59:37 UTC] PHP Warning:  mysqli_real_connect(): (HY000/1045): Access denied for user ''@'localhost' (using password: NO) in /home/donggiat/public_html/wp-includes/class-wpdb.php on line 2035
[16-Feb-2024 17:59:38 UTC] PHP Warning:  mysqli_real_connect(): (HY000/1045): Access denied for user ''@'localhost' (using password: NO) in /home/donggiat/public_html/wp-includes/class-wpdb.php on line 2035
[16-Feb-2024 20:07:49 UTC] PHP Warning:  mysqli_real_connect(): (HY000/1045): Access denied for user ''@'localhost' (using password: NO) in /home/donggiat/public_html/wp-includes/class-wpdb.php on line 2035
[17-Feb-2024 17:00:03 UTC] PHP Warning:  mysqli_real_connect(): (HY000/1045): Access denied for user ''@'localhost' (using password: NO) in /home/donggiat/public_html/wp-includes/class-wpdb.php on line 2035
[17-Feb-2024 17:13:11 UTC] PHP Warning:  mysqli_real_connect(): (HY000/1045): Access denied for user ''@'localhost' (using password: NO) in /home/donggiat/public_html/wp-includes/class-wpdb.php on line 2035
[17-Feb-2024 18:57:28 UTC] PHP Warning:  mysqli_real_connect(): (HY000/1045): Access denied for user ''@'localhost' (using password: NO) in /home/donggiat/public_html/wp-includes/class-wpdb.php on line 2035
[18-Feb-2024 05:35:05 UTC] PHP Warning:  mysqli_real_connect(): (HY000/1045): Access denied for user ''@'localhost' (using password: NO) in /home/donggiat/public_html/wp-includes/class-wpdb.php on line 2035
[18-Feb-2024 06:22:35 UTC] PHP Warning:  mysqli_real_connect(): (HY000/1045): Access denied for user ''@'localhost' (using password: NO) in /home/donggiat/public_html/wp-includes/class-wpdb.php on line 2035
[19-Feb-2024 19:49:36 UTC] PHP Warning:  mysqli_real_connect(): (HY000/1045): Access denied for user ''@'localhost' (using password: NO) in /home/donggiat/public_html/wp-includes/class-wpdb.php on line 2035
[21-Feb-2024 11:14:34 UTC] PHP Warning:  mysqli_real_connect(): (HY000/1045): Access denied for user ''@'localhost' (using password: NO) in /home/donggiat/public_html/wp-includes/class-wpdb.php on line 2035
[22-Feb-2024 11:14:46 UTC] PHP Warning:  mysqli_real_connect(): (HY000/1045): Access denied for user ''@'localhost' (using password: NO) in /home/donggiat/public_html/wp-includes/class-wpdb.php on line 2035
[22-Feb-2024 20:06:56 UTC] PHP Warning:  mysqli_real_connect(): (HY000/1045): Access denied for user ''@'localhost' (using password: NO) in /home/donggiat/public_html/wp-includes/class-wpdb.php on line 2035
[23-Feb-2024 14:57:33 UTC] PHP Warning:  mysqli_real_connect(): (HY000/1045): Access denied for user ''@'localhost' (using password: NO) in /home/donggiat/public_html/wp-includes/class-wpdb.php on line 2035
[25-Feb-2024 10:24:45 UTC] PHP Warning:  mysqli_real_connect(): (HY000/1045): Access denied for user ''@'localhost' (using password: NO) in /home/donggiat/public_html/wp-includes/class-wpdb.php on line 2035
[26-Feb-2024 00:19:29 UTC] PHP Warning:  mysqli_real_connect(): (HY000/1045): Access denied for user ''@'localhost' (using password: NO) in /home/donggiat/public_html/wp-includes/class-wpdb.php on line 2035
[26-Feb-2024 07:47:16 UTC] PHP Warning:  mysqli_real_connect(): (HY000/1045): Access denied for user ''@'localhost' (using password: NO) in /home/donggiat/public_html/wp-includes/class-wpdb.php on line 2035
[26-Feb-2024 08:56:05 UTC] PHP Warning:  mysqli_real_connect(): (HY000/1045): Access denied for user ''@'localhost' (using password: NO) in /home/donggiat/public_html/wp-includes/class-wpdb.php on line 2035
[26-Feb-2024 09:05:26 UTC] PHP Warning:  mysqli_real_connect(): (HY000/1045): Access denied for user ''@'localhost' (using password: NO) in /home/donggiat/public_html/wp-includes/class-wpdb.php on line 2035
[26-Feb-2024 11:08:22 UTC] PHP Warning:  mysqli_real_connect(): (HY000/1045): Access denied for user ''@'localhost' (using password: NO) in /home/donggiat/public_html/wp-includes/class-wpdb.php on line 2035
[27-Feb-2024 04:55:18 UTC] PHP Warning:  mysqli_real_connect(): (HY000/1045): Access denied for user ''@'localhost' (using password: NO) in /home/donggiat/public_html/wp-includes/class-wpdb.php on line 2035
[27-Feb-2024 18:15:41 UTC] PHP Warning:  mysqli_real_connect(): (HY000/1045): Access denied for user ''@'localhost' (using password: NO) in /home/donggiat/public_html/wp-includes/class-wpdb.php on line 2035
[28-Feb-2024 04:25:05 UTC] PHP Warning:  mysqli_real_connect(): (HY000/1045): Access denied for user ''@'localhost' (using password: NO) in /home/donggiat/public_html/wp-includes/class-wpdb.php on line 2035
[01-Mar-2024 02:37:41 UTC] PHP Warning:  mysqli_real_connect(): (HY000/1045): Access denied for user ''@'localhost' (using password: NO) in /home/donggiat/public_html/wp-includes/class-wpdb.php on line 2035
[01-Mar-2024 20:09:20 UTC] PHP Warning:  mysqli_real_connect(): (HY000/1045): Access denied for user ''@'localhost' (using password: NO) in /home/donggiat/public_html/wp-includes/class-wpdb.php on line 2035
[03-Mar-2024 09:15:38 UTC] PHP Warning:  mysqli_real_connect(): (HY000/1045): Access denied for user ''@'localhost' (using password: NO) in /home/donggiat/public_html/wp-includes/class-wpdb.php on line 2035
[03-Mar-2024 16:56:49 UTC] PHP Warning:  mysqli_real_connect(): (HY000/1045): Access denied for user ''@'localhost' (using password: NO) in /home/donggiat/public_html/wp-includes/class-wpdb.php on line 2035
[03-Mar-2024 19:18:36 UTC] PHP Warning:  mysqli_real_connect(): (HY000/1045): Access denied for user ''@'localhost' (using password: NO) in /home/donggiat/public_html/wp-includes/class-wpdb.php on line 2035
[03-Mar-2024 21:08:52 UTC] PHP Warning:  mysqli_real_connect(): (HY000/1045): Access denied for user ''@'localhost' (using password: NO) in /home/donggiat/public_html/wp-includes/class-wpdb.php on line 2035
